================ NODO: n004 | Sat Jun 13 13:52:14 -05 2026 ================
python: /home/pedro.casaverde/knnmpi-venv/bin/python
Python 3.11.11
==== [1] Escalabilidad FUERTE (n=14376 fijo) ====
[MPI] p=  1 n=14376 n_tr=10782 n_te=3594 d=64 k=7
      t_total=0.891431s  t_comp=0.885080s  t_comm=0.006351s  acc=1.0000
      FLOPs=7.440e+09  8.346 GFLOP/s (sostenido)  8.406 GFLOP/s (computo)
[MPI] p=  2 n=14376 n_tr=10782 n_te=3594 d=64 k=7
      t_total=0.492421s  t_comp=0.483850s  t_comm=0.012438s  acc=1.0000
      FLOPs=7.440e+09  15.109 GFLOP/s (sostenido)  15.377 GFLOP/s (computo)
[MPI] p=  4 n=14376 n_tr=10782 n_te=3594 d=64 k=7
      t_total=0.259072s  t_comp=0.248014s  t_comm=0.058818s  acc=1.0000
      FLOPs=7.440e+09  28.718 GFLOP/s (sostenido)  29.999 GFLOP/s (computo)
[MPI] p=  8 n=14376 n_tr=10782 n_te=3594 d=64 k=7
      t_total=0.168369s  t_comp=0.157637s  t_comm=0.041420s  acc=1.0000
      FLOPs=7.440e+09  44.189 GFLOP/s (sostenido)  47.198 GFLOP/s (computo)
[MPI] p= 16 n=14376 n_tr=10782 n_te=3594 d=64 k=7
      t_total=0.126995s  t_comp=0.114338s  t_comm=0.035105s  acc=1.0000
      FLOPs=7.440e+09  58.586 GFLOP/s (sostenido)  65.071 GFLOP/s (computo)
[MPI] p= 32 n=14376 n_tr=10782 n_te=3594 d=64 k=7
      t_total=0.121550s  t_comp=0.102392s  t_comm=0.032621s  acc=1.0000
      FLOPs=7.440e+09  61.210 GFLOP/s (sostenido)  72.663 GFLOP/s (computo)
==== [2] TAMAÑO del problema (p=8 fijo) ====
[MPI] p=  8 n=1797 n_tr=1348 n_te=449 d=64 k=7
      t_total=0.004040s  t_comp=0.002967s  t_comm=0.002061s  acc=0.9844
      FLOPs=1.162e+08  28.764 GFLOP/s (sostenido)  39.173 GFLOP/s (computo)
[MPI] p=  8 n=3594 n_tr=2696 n_te=898 d=64 k=7
      t_total=0.012566s  t_comp=0.009618s  t_comm=0.006545s  acc=0.9866
      FLOPs=4.648e+08  36.990 GFLOP/s (sostenido)  48.329 GFLOP/s (computo)
[MPI] p=  8 n=7188 n_tr=5391 n_te=1797 d=64 k=7
      t_total=0.036748s  t_comp=0.030624s  t_comm=0.010076s  acc=0.9922
      FLOPs=1.860e+09  50.615 GFLOP/s (sostenido)  60.737 GFLOP/s (computo)
[MPI] p=  8 n=14376 n_tr=10782 n_te=3594 d=64 k=7
      t_total=0.170077s  t_comp=0.159416s  t_comm=0.041391s  acc=1.0000
      FLOPs=7.440e+09  43.745 GFLOP/s (sostenido)  46.671 GFLOP/s (computo)
[MPI] p=  8 n=28752 n_tr=21564 n_te=7188 d=64 k=7
      t_total=0.721214s  t_comp=0.701141s  t_comm=0.192663s  acc=1.0000
      FLOPs=2.976e+10  41.264 GFLOP/s (sostenido)  42.446 GFLOP/s (computo)
==== [3] Escalabilidad DEBIL (n_te fijo, n_tr = 2000*p) ====
[MPI] p=  1 n=4000 n_tr=2000 n_te=2000 d=64 k=7
      t_total=0.059484s  t_comp=0.057540s  t_comm=0.001944s  acc=0.9925
      FLOPs=7.680e+08  12.911 GFLOP/s (sostenido)  13.347 GFLOP/s (computo)
[MPI] p=  2 n=6000 n_tr=4000 n_te=2000 d=64 k=7
      t_total=0.073473s  t_comp=0.068891s  t_comm=0.005837s  acc=0.9925
      FLOPs=1.536e+09  20.906 GFLOP/s (sostenido)  22.296 GFLOP/s (computo)
[MPI] p=  4 n=10000 n_tr=8000 n_te=2000 d=64 k=7
      t_total=0.077017s  t_comp=0.069579s  t_comm=0.011153s  acc=1.0000
      FLOPs=3.072e+09  39.887 GFLOP/s (sostenido)  44.151 GFLOP/s (computo)
[MPI] p=  8 n=18000 n_tr=16000 n_te=2000 d=64 k=7
      t_total=0.110668s  t_comp=0.098167s  t_comm=0.025979s  acc=1.0000
      FLOPs=6.144e+09  55.518 GFLOP/s (sostenido)  62.587 GFLOP/s (computo)
[MPI] p= 16 n=34000 n_tr=32000 n_te=2000 d=64 k=7
      t_total=0.215880s  t_comp=0.188986s  t_comm=0.069701s  acc=1.0000
      FLOPs=1.229e+10  56.921 GFLOP/s (sostenido)  65.021 GFLOP/s (computo)
[MPI] p= 32 n=66000 n_tr=64000 n_te=2000 d=64 k=7
      t_total=0.473510s  t_comp=0.429895s  t_comm=0.138659s  acc=1.0000
      FLOPs=2.458e+10  51.902 GFLOP/s (sostenido)  57.167 GFLOP/s (computo)
DONE_KNN_SWEEP Sat Jun 13 13:53:58 -05 2026
